This file contains any messages produced by compilers while
running configure, to aid debugging if configure makes a mistake.

It was created by htop configure 3.0.6-dev, which was
generated by GNU Autoconf 2.69.  Invocation command line was

  $ ./configure 

## --------- ##
## Platform. ##
## --------- ##

hostname = dhcppc10
uname -m = x86_64
uname -r = 5.9.16-100.fc32.x86_64
uname -s = Linux
uname -v = #1 SMP Mon Dec 21 14:10:00 UTC 2020

/usr/bin/uname -p = x86_64
/bin/uname -X     = unknown

/bin/arch              = x86_64
/usr/bin/arch -k       = unknown
/usr/convex/getsysinfo = unknown
/usr/bin/hostinfo      = unknown
/bin/machine           = unknown
/usr/bin/oslevel       = unknown
/bin/universe          = unknown

PATH: /usr/lib/qtchooser
PATH: /usr/local/bin
PATH: /usr/local/sbin
PATH: /usr/bin
PATH: /usr/sbin
PATH: /var/lib/snapd/snap/bin
PATH: /home/ibrahim/.local/bin


## ----------- ##
## Core tests. ##
## ----------- ##

configure:2391: checking build system type
configure:2405: result: x86_64-pc-linux-gnu
configure:2425: checking host system type
configure:2438: result: x86_64-pc-linux-gnu
configure:2458: checking target system type
configure:2471: result: x86_64-pc-linux-gnu
configure:2513: checking for a BSD-compatible install
configure:2581: result: /usr/bin/install -c
configure:2592: checking whether build environment is sane
configure:2647: result: yes
configure:2796: checking for a thread-safe mkdir -p
configure:2835: result: /usr/bin/mkdir -p
configure:2842: checking for gawk
configure:2858: found /usr/bin/gawk
configure:2869: result: gawk
configure:2880: checking whether make sets $(MAKE)
configure:2902: result: yes
configure:2931: checking whether make supports nested variables
configure:2948: result: yes
configure:3132: checking whether make supports the include directive
configure:3147: make -f confmf.GNU && cat confinc.out
this is the am__doit target
configure:3150: $? = 0
configure:3169: result: yes (GNU style)
configure:3239: checking for gcc
configure:3255: found /usr/bin/gcc
configure:3266: result: gcc
configure:3495: checking for C compiler version
configure:3504: gcc --version >&5
gcc (GCC) 10.2.1 20201125 (Red Hat 10.2.1-9)
Copyright (C) 2020 Free Software Foundation, Inc.
This is free software; see the source for copying conditions.  There is NO
warranty; not even for MERCHANTABILITY or FITNESS FOR A PARTICULAR PURPOSE.

configure:3515: $? = 0
configure:3504: gcc -v >&5
Using built-in specs.
COLLECT_GCC=gcc
COLLECT_LTO_WRAPPER=/usr/libexec/gcc/x86_64-redhat-linux/10/lto-wrapper
OFFLOAD_TARGET_NAMES=nvptx-none
OFFLOAD_TARGET_DEFAULT=1
Target: x86_64-redhat-linux
Configured with: ../configure --enable-bootstrap --enable-languages=c,c++,fortran,objc,obj-c++,ada,go,d,lto --prefix=/usr --mandir=/usr/share/man --infodir=/usr/share/info --with-bugurl=http://bugzilla.redhat.com/bugzilla --enable-shared --enable-threads=posix --enable-checking=release --enable-multilib --with-system-zlib --enable-__cxa_atexit --disable-libunwind-exceptions --enable-gnu-unique-object --enable-linker-build-id --with-gcc-major-version-only --with-linker-hash-style=gnu --enable-plugin --enable-initfini-array --with-isl --enable-offload-targets=nvptx-none --without-cuda-driver --enable-gnu-indirect-function --enable-cet --with-tune=generic --with-arch_32=i686 --build=x86_64-redhat-linux
Thread model: posix
Supported LTO compression algorithms: zlib zstd
gcc version 10.2.1 20201125 (Red Hat 10.2.1-9) (GCC) 
... rest of stderr output deleted ...
configure:3515: $? = 0
configure:3504: gcc -V >&5
gcc: error: unrecognized command-line option '-V'
gcc: fatal error: no input files
compilation terminated.
configure:3515: $? = 1
configure:3504: gcc -qversion >&5
gcc: error: unrecognized command-line option '-qversion'; did you mean '--version'?
gcc: fatal error: no input files
compilation terminated.
configure:3515: $? = 1
configure:3535: checking whether the C compiler works
configure:3557: gcc    conftest.c  >&5
configure:3561: $? = 0
configure:3609: result: yes
configure:3612: checking for C compiler default output file name
configure:3614: result: a.out
configure:3620: checking for suffix of executables
configure:3627: gcc -o conftest    conftest.c  >&5
configure:3631: $? = 0
configure:3653: result: 
configure:3675: checking whether we are cross compiling
configure:3683: gcc -o conftest    conftest.c  >&5
configure:3687: $? = 0
configure:3694: ./conftest
configure:3698: $? = 0
configure:3686: result: no
configure:3691: checking for suffix of object files
configure:3713: gcc -c   conftest.c >&5
configure:3717: $? = 0
configure:3738: result: o
configure:3742: checking whether we are using the GNU C compiler
configure:3761: gcc -c   conftest.c >&5
configure:3761: $? = 0
configure:3770: result: yes
configure:3779: checking whether gcc accepts -g
configure:3799: gcc -c -g  conftest.c >&5
configure:3799: $? = 0
configure:3840: result: yes
configure:3857: checking for gcc option to accept ISO C89
configure:3920: gcc  -c -g -O2  conftest.c >&5
configure:3920: $? = 0
configure:3933: result: none needed
configure:3958: checking whether gcc understands -c and -o together
configure:3980: gcc -c conftest.c -o conftest2.o
configure:3983: $? = 0
configure:3980: gcc -c conftest.c -o conftest2.o
configure:3983: $? = 0
configure:3995: result: yes
configure:4014: checking dependency style of gcc
configure:4125: result: gcc3
configure:4146: checking how to run the C preprocessor
configure:4177: gcc -E  conftest.c
configure:4177: $? = 0
configure:4191: gcc -E  conftest.c
conftest.c:12:10: fatal error: ac_nonexistent.h: No such file or directory
   12 | #include <ac_nonexistent.h>
      |          ^~~~~~~~~~~~~~~~~~
compilation terminated.
configure:4191: $? = 1
configure: failed program was:
| /* confdefs.h */
| #define PACKAGE_NAME "htop"
| #define PACKAGE_TARNAME "htop"
| #define PACKAGE_VERSION "3.0.6-dev"
| #define PACKAGE_STRING "htop 3.0.6-dev"
| #define PACKAGE_BUGREPORT "htop@groups.io"
| #define PACKAGE_URL "https://htop.dev/"
| #define PACKAGE "htop"
| #define VERSION "3.0.6-dev"
| #define HTOP_LINUX /**/
| /* end confdefs.h.  */
| #include <ac_nonexistent.h>
configure:4216: result: gcc -E
configure:4236: gcc -E  conftest.c
configure:4236: $? = 0
configure:4250: gcc -E  conftest.c
conftest.c:12:10: fatal error: ac_nonexistent.h: No such file or directory
   12 | #include <ac_nonexistent.h>
      |          ^~~~~~~~~~~~~~~~~~
compilation terminated.
configure:4250: $? = 1
configure: failed program was:
| /* confdefs.h */
| #define PACKAGE_NAME "htop"
| #define PACKAGE_TARNAME "htop"
| #define PACKAGE_VERSION "3.0.6-dev"
| #define PACKAGE_STRING "htop 3.0.6-dev"
| #define PACKAGE_BUGREPORT "htop@groups.io"
| #define PACKAGE_URL "https://htop.dev/"
| #define PACKAGE "htop"
| #define VERSION "3.0.6-dev"
| #define HTOP_LINUX /**/
| /* end confdefs.h.  */
| #include <ac_nonexistent.h>
configure:4279: checking for grep that handles long lines and -e
configure:4337: result: /usr/bin/grep
configure:4342: checking for egrep
configure:4404: result: /usr/bin/grep -E
configure:4409: checking for ANSI C header files
configure:4429: gcc -c -g -O2  conftest.c >&5
configure:4429: $? = 0
configure:4502: gcc -o conftest -g -O2   conftest.c  >&5
configure:4502: $? = 0
configure:4502: ./conftest
configure:4502: $? = 0
configure:4513: result: yes
configure:4526: checking for sys/types.h
configure:4526: gcc -c -g -O2  conftest.c >&5
configure:4526: $? = 0
configure:4526: result: yes
configure:4526: checking for sys/stat.h
configure:4526: gcc -c -g -O2  conftest.c >&5
configure:4526: $? = 0
configure:4526: result: yes
configure:4526: checking for stdlib.h
configure:4526: gcc -c -g -O2  conftest.c >&5
configure:4526: $? = 0
configure:4526: result: yes
configure:4526: checking for string.h
configure:4526: gcc -c -g -O2  conftest.c >&5
configure:4526: $? = 0
configure:4526: result: yes
configure:4526: checking for memory.h
configure:4526: gcc -c -g -O2  conftest.c >&5
configure:4526: $? = 0
configure:4526: result: yes
configure:4526: checking for strings.h
configure:4526: gcc -c -g -O2  conftest.c >&5
configure:4526: $? = 0
configure:4526: result: yes
configure:4526: checking for inttypes.h
configure:4526: gcc -c -g -O2  conftest.c >&5
configure:4526: $? = 0
configure:4526: result: yes
configure:4526: checking for stdint.h
configure:4526: gcc -c -g -O2  conftest.c >&5
configure:4526: $? = 0
configure:4526: result: yes
configure:4526: checking for unistd.h
configure:4526: gcc -c -g -O2  conftest.c >&5
configure:4526: $? = 0
configure:4526: result: yes
configure:4539: checking minix/config.h usability
configure:4539: gcc -c -g -O2  conftest.c >&5
conftest.c:55:10: fatal error: minix/config.h: No such file or directory
   55 | #include <minix/config.h>
      |          ^~~~~~~~~~~~~~~~
compilation terminated.
configure:4539: $? = 1
configure: failed program was:
| /* confdefs.h */
| #define PACKAGE_NAME "htop"
| #define PACKAGE_TARNAME "htop"
| #define PACKAGE_VERSION "3.0.6-dev"
| #define PACKAGE_STRING "htop 3.0.6-dev"
| #define PACKAGE_BUGREPORT "htop@groups.io"
| #define PACKAGE_URL "https://htop.dev/"
| #define PACKAGE "htop"
| #define VERSION "3.0.6-dev"
| #define HTOP_LINUX /**/
| #define STDC_HEADERS 1
| #define HAVE_SYS_TYPES_H 1
| #define HAVE_SYS_STAT_H 1
| #define HAVE_STDLIB_H 1
| #define HAVE_STRING_H 1
| #define HAVE_MEMORY_H 1
| #define HAVE_STRINGS_H 1
| #define HAVE_INTTYPES_H 1
| #define HAVE_STDINT_H 1
| #define HAVE_UNISTD_H 1
| /* end confdefs.h.  */
| #include <stdio.h>
| #ifdef HAVE_SYS_TYPES_H
| # include <sys/types.h>
| #endif
| #ifdef HAVE_SYS_STAT_H
| # include <sys/stat.h>
| #endif
| #ifdef STDC_HEADERS
| # include <stdlib.h>
| # include <stddef.h>
| #else
| # ifdef HAVE_STDLIB_H
| #  include <stdlib.h>
| # endif
| #endif
| #ifdef HAVE_STRING_H
| # if !defined STDC_HEADERS && defined HAVE_MEMORY_H
| #  include <memory.h>
| # endif
| # include <string.h>
| #endif
| #ifdef HAVE_STRINGS_H
| # include <strings.h>
| #endif
| #ifdef HAVE_INTTYPES_H
| # include <inttypes.h>
| #endif
| #ifdef HAVE_STDINT_H
| # include <stdint.h>
| #endif
| #ifdef HAVE_UNISTD_H
| # include <unistd.h>
| #endif
| #include <minix/config.h>
configure:4539: result: no
configure:4539: checking minix/config.h presence
configure:4539: gcc -E  conftest.c
conftest.c:22:10: fatal error: minix/config.h: No such file or directory
   22 | #include <minix/config.h>
      |          ^~~~~~~~~~~~~~~~
compilation terminated.
configure:4539: $? = 1
configure: failed program was:
| /* confdefs.h */
| #define PACKAGE_NAME "htop"
| #define PACKAGE_TARNAME "htop"
| #define PACKAGE_VERSION "3.0.6-dev"
| #define PACKAGE_STRING "htop 3.0.6-dev"
| #define PACKAGE_BUGREPORT "htop@groups.io"
| #define PACKAGE_URL "https://htop.dev/"
| #define PACKAGE "htop"
| #define VERSION "3.0.6-dev"
| #define HTOP_LINUX /**/
| #define STDC_HEADERS 1
| #define HAVE_SYS_TYPES_H 1
| #define HAVE_SYS_STAT_H 1
| #define HAVE_STDLIB_H 1
| #define HAVE_STRING_H 1
| #define HAVE_MEMORY_H 1
| #define HAVE_STRINGS_H 1
| #define HAVE_INTTYPES_H 1
| #define HAVE_STDINT_H 1
| #define HAVE_UNISTD_H 1
| /* end confdefs.h.  */
| #include <minix/config.h>
configure:4539: result: no
configure:4539: checking for minix/config.h
configure:4539: result: no
configure:4560: checking whether it is safe to define __EXTENSIONS__
configure:4578: gcc -c -g -O2  conftest.c >&5
configure:4578: $? = 0
configure:4585: result: yes
configure:4655: checking for gcc
configure:4682: result: gcc
configure:4911: checking for C compiler version
configure:4920: gcc --version >&5
gcc (GCC) 10.2.1 20201125 (Red Hat 10.2.1-9)
Copyright (C) 2020 Free Software Foundation, Inc.
This is free software; see the source for copying conditions.  There is NO
warranty; not even for MERCHANTABILITY or FITNESS FOR A PARTICULAR PURPOSE.

configure:4931: $? = 0
configure:4920: gcc -v >&5
Using built-in specs.
COLLECT_GCC=gcc
COLLECT_LTO_WRAPPER=/usr/libexec/gcc/x86_64-redhat-linux/10/lto-wrapper
OFFLOAD_TARGET_NAMES=nvptx-none
OFFLOAD_TARGET_DEFAULT=1
Target: x86_64-redhat-linux
Configured with: ../configure --enable-bootstrap --enable-languages=c,c++,fortran,objc,obj-c++,ada,go,d,lto --prefix=/usr --mandir=/usr/share/man --infodir=/usr/share/info --with-bugurl=http://bugzilla.redhat.com/bugzilla --enable-shared --enable-threads=posix --enable-checking=release --enable-multilib --with-system-zlib --enable-__cxa_atexit --disable-libunwind-exceptions --enable-gnu-unique-object --enable-linker-build-id --with-gcc-major-version-only --with-linker-hash-style=gnu --enable-plugin --enable-initfini-array --with-isl --enable-offload-targets=nvptx-none --without-cuda-driver --enable-gnu-indirect-function --enable-cet --with-tune=generic --with-arch_32=i686 --build=x86_64-redhat-linux
Thread model: posix
Supported LTO compression algorithms: zlib zstd
gcc version 10.2.1 20201125 (Red Hat 10.2.1-9) (GCC) 
... rest of stderr output deleted ...
configure:4931: $? = 0
configure:4920: gcc -V >&5
gcc: error: unrecognized command-line option '-V'
gcc: fatal error: no input files
compilation terminated.
configure:4931: $? = 1
configure:4920: gcc -qversion >&5
gcc: error: unrecognized command-line option '-qversion'; did you mean '--version'?
gcc: fatal error: no input files
compilation terminated.
configure:4931: $? = 1
configure:4935: checking whether we are using the GNU C compiler
configure:4963: result: yes
configure:4972: checking whether gcc accepts -g
configure:5033: result: yes
configure:5050: checking for gcc option to accept ISO C89
configure:5126: result: none needed
configure:5151: checking whether gcc understands -c and -o together
configure:5188: result: yes
configure:5207: checking dependency style of gcc
configure:5318: result: gcc3
configure:5334: checking for gcc option to accept ISO C99
configure:5483: gcc  -c -g -O2  conftest.c >&5
configure:5483: $? = 0
configure:5496: result: none needed
configure:5554: checking for dirent.h that defines DIR
configure:5573: gcc -c -g -O2  conftest.c >&5
configure:5573: $? = 0
configure:5581: result: yes
configure:5594: checking for library containing opendir
configure:5625: gcc -o conftest -g -O2   conftest.c  >&5
configure:5625: $? = 0
configure:5642: result: none required
configure:5709: checking for ANSI C header files
configure:5813: result: yes
configure:5831: checking for stdlib.h
configure:5831: result: yes
configure:5831: checking for string.h
configure:5831: result: yes
configure:5831: checking for strings.h
configure:5831: result: yes
configure:5831: checking sys/param.h usability
configure:5831: gcc -c -g -O2  conftest.c >&5
configure:5831: $? = 0
configure:5831: result: yes
configure:5831: checking sys/param.h presence
configure:5831: gcc -E  conftest.c
configure:5831: $? = 0
configure:5831: result: yes
configure:5831: checking for sys/param.h
configure:5831: result: yes
configure:5831: checking sys/time.h usability
configure:5831: gcc -c -g -O2  conftest.c >&5
configure:5831: $? = 0
configure:5831: result: yes
configure:5831: checking sys/time.h presence
configure:5831: gcc -E  conftest.c
configure:5831: $? = 0
configure:5831: result: yes
configure:5831: checking for sys/time.h
configure:5831: result: yes
configure:5831: checking for unistd.h
configure:5831: result: yes
configure:5844: checking whether sys/types.h defines makedev
configure:5860: gcc -o conftest -g -O2   conftest.c  >&5
conftest.c: In function 'main':
conftest.c:39:8: warning: implicit declaration of function 'makedev' [-Wimplicit-function-declaration]
   39 | return makedev(0, 0);
      |        ^~~~~~~
/usr/bin/ld: /tmp/ccpzJBYE.o: in function `main':
/home/ibrahim/htop/conftest.c:39: undefined reference to `makedev'
collect2: error: ld returned 1 exit status
configure:5860: $? = 1
configure: failed program was:
| /* confdefs.h */
| #define PACKAGE_NAME "htop"
| #define PACKAGE_TARNAME "htop"
| #define PACKAGE_VERSION "3.0.6-dev"
| #define PACKAGE_STRING "htop 3.0.6-dev"
| #define PACKAGE_BUGREPORT "htop@groups.io"
| #define PACKAGE_URL "https://htop.dev/"
| #define PACKAGE "htop"
| #define VERSION "3.0.6-dev"
| #define HTOP_LINUX /**/
| #define STDC_HEADERS 1
| #define HAVE_SYS_TYPES_H 1
| #define HAVE_SYS_STAT_H 1
| #define HAVE_STDLIB_H 1
| #define HAVE_STRING_H 1
| #define HAVE_MEMORY_H 1
| #define HAVE_STRINGS_H 1
| #define HAVE_INTTYPES_H 1
| #define HAVE_STDINT_H 1
| #define HAVE_UNISTD_H 1
| #define __EXTENSIONS__ 1
| #define _ALL_SOURCE 1
| #define _GNU_SOURCE 1
| #define _POSIX_PTHREAD_SEMANTICS 1
| #define _TANDEM_SOURCE 1
| #define HAVE_DIRENT_H 1
| #define STDC_HEADERS 1
| #define HAVE_STDLIB_H 1
| #define HAVE_STRING_H 1
| #define HAVE_STRINGS_H 1
| #define HAVE_SYS_PARAM_H 1
| #define HAVE_SYS_TIME_H 1
| #define HAVE_UNISTD_H 1
| /* end confdefs.h.  */
| #include <sys/types.h>
| int
| main ()
| {
| return makedev(0, 0);
|   ;
|   return 0;
| }
configure:5869: result: no
configure:5873: checking sys/mkdev.h usability
configure:5873: gcc -c -g -O2  conftest.c >&5
conftest.c:68:10: fatal error: sys/mkdev.h: No such file or directory
   68 | #include <sys/mkdev.h>
      |          ^~~~~~~~~~~~~
compilation terminated.
configure:5873: $? = 1
configure: failed program was:
| /* confdefs.h */
| #define PACKAGE_NAME "htop"
| #define PACKAGE_TARNAME "htop"
| #define PACKAGE_VERSION "3.0.6-dev"
| #define PACKAGE_STRING "htop 3.0.6-dev"
| #define PACKAGE_BUGREPORT "htop@groups.io"
| #define PACKAGE_URL "https://htop.dev/"
| #define PACKAGE "htop"
| #define VERSION "3.0.6-dev"
| #define HTOP_LINUX /**/
| #define STDC_HEADERS 1
| #define HAVE_SYS_TYPES_H 1
| #define HAVE_SYS_STAT_H 1
| #define HAVE_STDLIB_H 1
| #define HAVE_STRING_H 1
| #define HAVE_MEMORY_H 1
| #define HAVE_STRINGS_H 1
| #define HAVE_INTTYPES_H 1
| #define HAVE_STDINT_H 1
| #define HAVE_UNISTD_H 1
| #define __EXTENSIONS__ 1
| #define _ALL_SOURCE 1
| #define _GNU_SOURCE 1
| #define _POSIX_PTHREAD_SEMANTICS 1
| #define _TANDEM_SOURCE 1
| #define HAVE_DIRENT_H 1
| #define STDC_HEADERS 1
| #define HAVE_STDLIB_H 1
| #define HAVE_STRING_H 1
| #define HAVE_STRINGS_H 1
| #define HAVE_SYS_PARAM_H 1
| #define HAVE_SYS_TIME_H 1
| #define HAVE_UNISTD_H 1
| /* end confdefs.h.  */
| #include <stdio.h>
| #ifdef HAVE_SYS_TYPES_H
| # include <sys/types.h>
| #endif
| #ifdef HAVE_SYS_STAT_H
| # include <sys/stat.h>
| #endif
| #ifdef STDC_HEADERS
| # include <stdlib.h>
| # include <stddef.h>
| #else
| # ifdef HAVE_STDLIB_H
| #  include <stdlib.h>
| # endif
| #endif
| #ifdef HAVE_STRING_H
| # if !defined STDC_HEADERS && defined HAVE_MEMORY_H
| #  include <memory.h>
| # endif
| # include <string.h>
| #endif
| #ifdef HAVE_STRINGS_H
| # include <strings.h>
| #endif
| #ifdef HAVE_INTTYPES_H
| # include <inttypes.h>
| #endif
| #ifdef HAVE_STDINT_H
| # include <stdint.h>
| #endif
| #ifdef HAVE_UNISTD_H
| # include <unistd.h>
| #endif
| #include <sys/mkdev.h>
configure:5873: result: no
configure:5873: checking sys/mkdev.h presence
configure:5873: gcc -E  conftest.c
conftest.c:35:10: fatal error: sys/mkdev.h: No such file or directory
   35 | #include <sys/mkdev.h>
      |          ^~~~~~~~~~~~~
compilation terminated.
configure:5873: $? = 1
configure: failed program was:
| /* confdefs.h */
| #define PACKAGE_NAME "htop"
| #define PACKAGE_TARNAME "htop"
| #define PACKAGE_VERSION "3.0.6-dev"
| #define PACKAGE_STRING "htop 3.0.6-dev"
| #define PACKAGE_BUGREPORT "htop@groups.io"
| #define PACKAGE_URL "https://htop.dev/"
| #define PACKAGE "htop"
| #define VERSION "3.0.6-dev"
| #define HTOP_LINUX /**/
| #define STDC_HEADERS 1
| #define HAVE_SYS_TYPES_H 1
| #define HAVE_SYS_STAT_H 1
| #define HAVE_STDLIB_H 1
| #define HAVE_STRING_H 1
| #define HAVE_MEMORY_H 1
| #define HAVE_STRINGS_H 1
| #define HAVE_INTTYPES_H 1
| #define HAVE_STDINT_H 1
| #define HAVE_UNISTD_H 1
| #define __EXTENSIONS__ 1
| #define _ALL_SOURCE 1
| #define _GNU_SOURCE 1
| #define _POSIX_PTHREAD_SEMANTICS 1
| #define _TANDEM_SOURCE 1
| #define HAVE_DIRENT_H 1
| #define STDC_HEADERS 1
| #define HAVE_STDLIB_H 1
| #define HAVE_STRING_H 1
| #define HAVE_STRINGS_H 1
| #define HAVE_SYS_PARAM_H 1
| #define HAVE_SYS_TIME_H 1
| #define HAVE_UNISTD_H 1
| /* end confdefs.h.  */
| #include <sys/mkdev.h>
configure:5873: result: no
configure:5873: checking for sys/mkdev.h
configure:5873: result: no
configure:5883: checking sys/sysmacros.h usability
configure:5883: gcc -c -g -O2  conftest.c >&5
configure:5883: $? = 0
configure:5883: result: yes
configure:5883: checking sys/sysmacros.h presence
configure:5883: gcc -E  conftest.c
configure:5883: $? = 0
configure:5883: result: yes
configure:5883: checking for sys/sysmacros.h
configure:5883: result: yes
configure:5895: checking for sys/sysmacros.h
configure:5895: result: yes
configure:5909: checking execinfo.h usability
configure:5909: gcc -c -g -O2  conftest.c >&5
configure:5909: $? = 0
configure:5909: result: yes
configure:5909: checking execinfo.h presence
configure:5909: gcc -E  conftest.c
configure:5909: $? = 0
configure:5909: result: yes
configure:5909: checking for execinfo.h
configure:5909: result: yes
configure:5942: checking for pid_t
configure:5942: gcc -c -g -O2  conftest.c >&5
configure:5942: $? = 0
configure:5942: gcc -c -g -O2  conftest.c >&5
conftest.c: In function 'main':
conftest.c:74:20: error: expected expression before ')' token
   74 | if (sizeof ((pid_t)))
      |                    ^
configure:5942: $? = 1
configure: failed program was:
| /* confdefs.h */
| #define PACKAGE_NAME "htop"
| #define PACKAGE_TARNAME "htop"
| #define PACKAGE_VERSION "3.0.6-dev"
| #define PACKAGE_STRING "htop 3.0.6-dev"
| #define PACKAGE_BUGREPORT "htop@groups.io"
| #define PACKAGE_URL "https://htop.dev/"
| #define PACKAGE "htop"
| #define VERSION "3.0.6-dev"
| #define HTOP_LINUX /**/
| #define STDC_HEADERS 1
| #define HAVE_SYS_TYPES_H 1
| #define HAVE_SYS_STAT_H 1
| #define HAVE_STDLIB_H 1
| #define HAVE_STRING_H 1
| #define HAVE_MEMORY_H 1
| #define HAVE_STRINGS_H 1
| #define HAVE_INTTYPES_H 1
| #define HAVE_STDINT_H 1
| #define HAVE_UNISTD_H 1
| #define __EXTENSIONS__ 1
| #define _ALL_SOURCE 1
| #define _GNU_SOURCE 1
| #define _POSIX_PTHREAD_SEMANTICS 1
| #define _TANDEM_SOURCE 1
| #define HAVE_DIRENT_H 1
| #define STDC_HEADERS 1
| #define HAVE_STDLIB_H 1
| #define HAVE_STRING_H 1
| #define HAVE_STRINGS_H 1
| #define HAVE_SYS_PARAM_H 1
| #define HAVE_SYS_TIME_H 1
| #define HAVE_UNISTD_H 1
| #define MAJOR_IN_SYSMACROS 1
| #define MAJOR_IN_SYSMACROS 1
| #define HAVE_EXECINFO_H 1
| /* end confdefs.h.  */
| #include <stdio.h>
| #ifdef HAVE_SYS_TYPES_H
| # include <sys/types.h>
| #endif
| #ifdef HAVE_SYS_STAT_H
| # include <sys/stat.h>
| #endif
| #ifdef STDC_HEADERS
| # include <stdlib.h>
| # include <stddef.h>
| #else
| # ifdef HAVE_STDLIB_H
| #  include <stdlib.h>
| # endif
| #endif
| #ifdef HAVE_STRING_H
| # if !defined STDC_HEADERS && defined HAVE_MEMORY_H
| #  include <memory.h>
| # endif
| # include <string.h>
| #endif
| #ifdef HAVE_STRINGS_H
| # include <strings.h>
| #endif
| #ifdef HAVE_INTTYPES_H
| # include <inttypes.h>
| #endif
| #ifdef HAVE_STDINT_H
| # include <stdint.h>
| #endif
| #ifdef HAVE_UNISTD_H
| # include <unistd.h>
| #endif
| int
| main ()
| {
| if (sizeof ((pid_t)))
| 	    return 0;
|   ;
|   return 0;
| }
configure:5942: result: yes
configure:5953: checking for uid_t in sys/types.h
configure:5972: result: yes
configure:5983: checking for uint8_t
configure:5983: gcc -c -g -O2  conftest.c >&5
configure:5983: $? = 0
configure:5983: result: yes
configure:5997: checking for uint16_t
configure:5997: gcc -c -g -O2  conftest.c >&5
configure:5997: $? = 0
configure:5997: result: yes
configure:6009: checking for uint32_t
configure:6009: gcc -c -g -O2  conftest.c >&5
configure:6009: $? = 0
configure:6009: result: yes
configure:6023: checking for uint64_t
configure:6023: gcc -c -g -O2  conftest.c >&5
configure:6023: $? = 0
configure:6023: result: yes
configure:6045: checking for ceil in -lm
configure:6070: gcc -o conftest -g -O2   conftest.c -lm   >&5
conftest.c:45:6: warning: conflicting types for built-in function 'ceil'; expected 'double(double)' [-Wbuiltin-declaration-mismatch]
   45 | char ceil ();
      |      ^~~~
conftest.c:1:1: note: 'ceil' is declared in header '<math.h>'
    1 | /* confdefs.h */
configure:6070: $? = 0
configure:6079: result: yes
configure:6275: checking for library containing dlopen
configure:6306: gcc -o conftest -g -O2   conftest.c -lm  >&5
/usr/bin/ld: /tmp/ccvp3hAX.o: in function `main':
/home/ibrahim/htop/conftest.c:50: undefined reference to `dlopen'
collect2: error: ld returned 1 exit status
configure:6306: $? = 1
configure: failed program was:
| /* confdefs.h */
| #define PACKAGE_NAME "htop"
| #define PACKAGE_TARNAME "htop"
| #define PACKAGE_VERSION "3.0.6-dev"
| #define PACKAGE_STRING "htop 3.0.6-dev"
| #define PACKAGE_BUGREPORT "htop@groups.io"
| #define PACKAGE_URL "https://htop.dev/"
| #define PACKAGE "htop"
| #define VERSION "3.0.6-dev"
| #define HTOP_LINUX /**/
| #define STDC_HEADERS 1
| #define HAVE_SYS_TYPES_H 1
| #define HAVE_SYS_STAT_H 1
| #define HAVE_STDLIB_H 1
| #define HAVE_STRING_H 1
| #define HAVE_MEMORY_H 1
| #define HAVE_STRINGS_H 1
| #define HAVE_INTTYPES_H 1
| #define HAVE_STDINT_H 1
| #define HAVE_UNISTD_H 1
| #define __EXTENSIONS__ 1
| #define _ALL_SOURCE 1
| #define _GNU_SOURCE 1
| #define _POSIX_PTHREAD_SEMANTICS 1
| #define _TANDEM_SOURCE 1
| #define HAVE_DIRENT_H 1
| #define STDC_HEADERS 1
| #define HAVE_STDLIB_H 1
| #define HAVE_STRING_H 1
| #define HAVE_STRINGS_H 1
| #define HAVE_SYS_PARAM_H 1
| #define HAVE_SYS_TIME_H 1
| #define HAVE_UNISTD_H 1
| #define MAJOR_IN_SYSMACROS 1
| #define MAJOR_IN_SYSMACROS 1
| #define HAVE_EXECINFO_H 1
| #define HAVE_LIBM 1
| /* end confdefs.h.  */
| 
| /* Override any GCC internal prototype to avoid an error.
|    Use char because int might match the return type of a GCC
|    builtin and then its argument prototype would still apply.  */
| #ifdef __cplusplus
| extern "C"
| #endif
| char dlopen ();
| int
| main ()
| {
| return dlopen ();
|   ;
|   return 0;
| }
configure:6306: gcc -o conftest -g -O2   conftest.c -ldl  -lm  >&5
configure:6306: $? = 0
configure:6323: result: -ldl
configure:6576: checking for library containing clock_gettime
configure:6607: gcc -o conftest -g -O2   conftest.c -ldl -lm  >&5
configure:6607: $? = 0
configure:6624: result: none required
configure:6643: checking for clock_gettime
configure:6643: gcc -o conftest -g -O2   conftest.c -ldl -lm  >&5
configure:6643: $? = 0
configure:6643: result: yes
configure:6643: checking for faccessat
configure:6643: gcc -o conftest -g -O2   conftest.c -ldl -lm  >&5
configure:6643: $? = 0
configure:6643: result: yes
configure:6643: checking for fstatat
configure:6643: gcc -o conftest -g -O2   conftest.c -ldl -lm  >&5
configure:6643: $? = 0
configure:6643: result: yes
configure:6643: checking for host_get_clock_service
configure:6643: gcc -o conftest -g -O2   conftest.c -ldl -lm  >&5
/usr/bin/ld: /tmp/cc054v1b.o: in function `main':
/home/ibrahim/htop/conftest.c:76: undefined reference to `host_get_clock_service'
collect2: error: ld returned 1 exit status
configure:6643: $? = 1
configure: failed program was:
| /* confdefs.h */
| #define PACKAGE_NAME "htop"
| #define PACKAGE_TARNAME "htop"
| #define PACKAGE_VERSION "3.0.6-dev"
| #define PACKAGE_STRING "htop 3.0.6-dev"
| #define PACKAGE_BUGREPORT "htop@groups.io"
| #define PACKAGE_URL "https://htop.dev/"
| #define PACKAGE "htop"
| #define VERSION "3.0.6-dev"
| #define HTOP_LINUX /**/
| #define STDC_HEADERS 1
| #define HAVE_SYS_TYPES_H 1
| #define HAVE_SYS_STAT_H 1
| #define HAVE_STDLIB_H 1
| #define HAVE_STRING_H 1
| #define HAVE_MEMORY_H 1
| #define HAVE_STRINGS_H 1
| #define HAVE_INTTYPES_H 1
| #define HAVE_STDINT_H 1
| #define HAVE_UNISTD_H 1
| #define __EXTENSIONS__ 1
| #define _ALL_SOURCE 1
| #define _GNU_SOURCE 1
| #define _POSIX_PTHREAD_SEMANTICS 1
| #define _TANDEM_SOURCE 1
| #define HAVE_DIRENT_H 1
| #define STDC_HEADERS 1
| #define HAVE_STDLIB_H 1
| #define HAVE_STRING_H 1
| #define HAVE_STRINGS_H 1
| #define HAVE_SYS_PARAM_H 1
| #define HAVE_SYS_TIME_H 1
| #define HAVE_UNISTD_H 1
| #define MAJOR_IN_SYSMACROS 1
| #define MAJOR_IN_SYSMACROS 1
| #define HAVE_EXECINFO_H 1
| #define HAVE_LIBM 1
| #define HAVE_CLOCK_GETTIME 1
| #define HAVE_FACCESSAT 1
| #define HAVE_FSTATAT 1
| /* end confdefs.h.  */
| /* Define host_get_clock_service to an innocuous variant, in case <limits.h> declares host_get_clock_service.
|    For example, HP-UX 11i <limits.h> declares gettimeofday.  */
| #define host_get_clock_service innocuous_host_get_clock_service
| 
| /* System header to define __stub macros and hopefully few prototypes,
|     which can conflict with char host_get_clock_service (); below.
|     Prefer <limits.h> to <assert.h> if __STDC__ is defined, since
|     <limits.h> exists even on freestanding compilers.  */
| 
| #ifdef __STDC__
| # include <limits.h>
| #else
| # include <assert.h>
| #endif
| 
| #undef host_get_clock_service
| 
| /* Override any GCC internal prototype to avoid an error.
|    Use char because int might match the return type of a GCC
|    builtin and then its argument prototype would still apply.  */
| #ifdef __cplusplus
| extern "C"
| #endif
| char host_get_clock_service ();
| /* The GNU C library defines this for functions which it implements
|     to always fail with ENOSYS.  Some functions are actually named
|     something starting with __ and the normal name is an alias.  */
| #if defined __stub_host_get_clock_service || defined __stub___host_get_clock_service
| choke me
| #endif
| 
| int
| main ()
| {
| return host_get_clock_service ();
|   ;
|   return 0;
| }
configure:6643: result: no
configure:6643: checking for openat
configure:6643: gcc -o conftest -g -O2   conftest.c -ldl -lm  >&5
configure:6643: $? = 0
configure:6643: result: yes
configure:6643: checking for readlinkat
configure:6643: gcc -o conftest -g -O2   conftest.c -ldl -lm  >&5
configure:6643: $? = 0
configure:6643: result: yes
configure:6654: checking for library containing backtrace
configure:6685: gcc -o conftest -g -O2   conftest.c -ldl -lm  >&5
configure:6685: $? = 0
configure:6702: result: none required
configure:6807: checking for waddwstr in -lncursesw6
configure:6834: gcc -o conftest -D_DEFAULT_SOURCE -D_XOPEN_SOURCE=600 -g -O2   conftest.c -lncursesw6
         -lncursesw -ltinfo
       -ldl -lm  >&5
/usr/bin/ld: cannot find -lncursesw6
collect2: error: ld returned 1 exit status
configure:6834: $? = 1
configure: failed program was:
| /* confdefs.h */
| #define PACKAGE_NAME "htop"
| #define PACKAGE_TARNAME "htop"
| #define PACKAGE_VERSION "3.0.6-dev"
| #define PACKAGE_STRING "htop 3.0.6-dev"
| #define PACKAGE_BUGREPORT "htop@groups.io"
| #define PACKAGE_URL "https://htop.dev/"
| #define PACKAGE "htop"
| #define VERSION "3.0.6-dev"
| #define HTOP_LINUX /**/
| #define STDC_HEADERS 1
| #define HAVE_SYS_TYPES_H 1
| #define HAVE_SYS_STAT_H 1
| #define HAVE_STDLIB_H 1
| #define HAVE_STRING_H 1
| #define HAVE_MEMORY_H 1
| #define HAVE_STRINGS_H 1
| #define HAVE_INTTYPES_H 1
| #define HAVE_STDINT_H 1
| #define HAVE_UNISTD_H 1
| #define __EXTENSIONS__ 1
| #define _ALL_SOURCE 1
| #define _GNU_SOURCE 1
| #define _POSIX_PTHREAD_SEMANTICS 1
| #define _TANDEM_SOURCE 1
| #define HAVE_DIRENT_H 1
| #define STDC_HEADERS 1
| #define HAVE_STDLIB_H 1
| #define HAVE_STRING_H 1
| #define HAVE_STRINGS_H 1
| #define HAVE_SYS_PARAM_H 1
| #define HAVE_SYS_TIME_H 1
| #define HAVE_UNISTD_H 1
| #define MAJOR_IN_SYSMACROS 1
| #define MAJOR_IN_SYSMACROS 1
| #define HAVE_EXECINFO_H 1
| #define HAVE_LIBM 1
| #define HAVE_CLOCK_GETTIME 1
| #define HAVE_FACCESSAT 1
| #define HAVE_FSTATAT 1
| #define HAVE_OPENAT 1
| #define HAVE_READLINKAT 1
| /* end confdefs.h.  */
| 
| /* Override any GCC internal prototype to avoid an error.
|    Use char because int might match the return type of a GCC
|    builtin and then its argument prototype would still apply.  */
| #ifdef __cplusplus
| extern "C"
| #endif
| char waddwstr ();
| int
| main ()
| {
| return waddwstr ();
|   ;
|   return 0;
| }
configure:6843: result: no
configure:6874: checking for waddwstr in -lncursesw
configure:6901: gcc -o conftest -D_DEFAULT_SOURCE -D_XOPEN_SOURCE=600 -g -O2   conftest.c -lncursesw
         -lncursesw -ltinfo
       -ldl -lm  >&5
configure:6901: $? = 0
configure:6910: result: yes
configure:7219: checking ncursesw/curses.h usability
configure:7219: gcc -c -D_DEFAULT_SOURCE -D_XOPEN_SOURCE=600 -g -O2  conftest.c >&5
configure:7219: $? = 0
configure:7219: result: yes
configure:7219: checking ncursesw/curses.h presence
configure:7219: gcc -E  conftest.c
configure:7219: $? = 0
configure:7219: result: yes
configure:7219: checking for ncursesw/curses.h
configure:7219: result: yes
configure:7273: checking for library containing keypad
configure:7304: gcc -o conftest -D_DEFAULT_SOURCE -D_XOPEN_SOURCE=600 -g -O2   conftest.c -lncursesw -ltinfo -ldl -lm   >&5
configure:7304: $? = 0
configure:7321: result: none required
configure:7914: checking for usable sched_setaffinity
configure:7940: gcc -o conftest -D_DEFAULT_SOURCE -D_XOPEN_SOURCE=600 -g -O2   conftest.c -lncursesw -ltinfo -ldl -lm   >&5
configure:7940: $? = 0
configure:7940: ./conftest
configure:7940: $? = 0
configure:7942: result: yes
configure:7977: checking for cap_init in -lcap
configure:8002: gcc -o conftest -D_DEFAULT_SOURCE -D_XOPEN_SOURCE=600 -g -O2   conftest.c -lcap  -lncursesw -ltinfo -ldl -lm   >&5
/usr/bin/ld: cannot find -lcap
collect2: error: ld returned 1 exit status
configure:8002: $? = 1
configure: failed program was:
| /* confdefs.h */
| #define PACKAGE_NAME "htop"
| #define PACKAGE_TARNAME "htop"
| #define PACKAGE_VERSION "3.0.6-dev"
| #define PACKAGE_STRING "htop 3.0.6-dev"
| #define PACKAGE_BUGREPORT "htop@groups.io"
| #define PACKAGE_URL "https://htop.dev/"
| #define PACKAGE "htop"
| #define VERSION "3.0.6-dev"
| #define HTOP_LINUX /**/
| #define STDC_HEADERS 1
| #define HAVE_SYS_TYPES_H 1
| #define HAVE_SYS_STAT_H 1
| #define HAVE_STDLIB_H 1
| #define HAVE_STRING_H 1
| #define HAVE_MEMORY_H 1
| #define HAVE_STRINGS_H 1
| #define HAVE_INTTYPES_H 1
| #define HAVE_STDINT_H 1
| #define HAVE_UNISTD_H 1
| #define __EXTENSIONS__ 1
| #define _ALL_SOURCE 1
| #define _GNU_SOURCE 1
| #define _POSIX_PTHREAD_SEMANTICS 1
| #define _TANDEM_SOURCE 1
| #define HAVE_DIRENT_H 1
| #define STDC_HEADERS 1
| #define HAVE_STDLIB_H 1
| #define HAVE_STRING_H 1
| #define HAVE_STRINGS_H 1
| #define HAVE_SYS_PARAM_H 1
| #define HAVE_SYS_TIME_H 1
| #define HAVE_UNISTD_H 1
| #define MAJOR_IN_SYSMACROS 1
| #define MAJOR_IN_SYSMACROS 1
| #define HAVE_EXECINFO_H 1
| #define HAVE_LIBM 1
| #define HAVE_CLOCK_GETTIME 1
| #define HAVE_FACCESSAT 1
| #define HAVE_FSTATAT 1
| #define HAVE_OPENAT 1
| #define HAVE_READLINKAT 1
| #define HAVE_LIBNCURSESW 1
| #define HAVE_NCURSESW_CURSES_H 1
| #define PROCDIR "/proc"
| #define HAVE_LINUX_AFFINITY 1
| /* end confdefs.h.  */
| 
| /* Override any GCC internal prototype to avoid an error.
|    Use char because int might match the return type of a GCC
|    builtin and then its argument prototype would still apply.  */
| #ifdef __cplusplus
| extern "C"
| #endif
| char cap_init ();
| int
| main ()
| {
| return cap_init ();
|   ;
|   return 0;
| }
configure:8011: result: no
configure:8026: checking sys/capability.h usability
configure:8026: gcc -c -D_DEFAULT_SOURCE -D_XOPEN_SOURCE=600 -g -O2  conftest.c >&5
conftest.c:81:10: fatal error: sys/capability.h: No such file or directory
   81 | #include <sys/capability.h>
      |          ^~~~~~~~~~~~~~~~~~
compilation terminated.
configure:8026: $? = 1
configure: failed program was:
| /* confdefs.h */
| #define PACKAGE_NAME "htop"
| #define PACKAGE_TARNAME "htop"
| #define PACKAGE_VERSION "3.0.6-dev"
| #define PACKAGE_STRING "htop 3.0.6-dev"
| #define PACKAGE_BUGREPORT "htop@groups.io"
| #define PACKAGE_URL "https://htop.dev/"
| #define PACKAGE "htop"
| #define VERSION "3.0.6-dev"
| #define HTOP_LINUX /**/
| #define STDC_HEADERS 1
| #define HAVE_SYS_TYPES_H 1
| #define HAVE_SYS_STAT_H 1
| #define HAVE_STDLIB_H 1
| #define HAVE_STRING_H 1
| #define HAVE_MEMORY_H 1
| #define HAVE_STRINGS_H 1
| #define HAVE_INTTYPES_H 1
| #define HAVE_STDINT_H 1
| #define HAVE_UNISTD_H 1
| #define __EXTENSIONS__ 1
| #define _ALL_SOURCE 1
| #define _GNU_SOURCE 1
| #define _POSIX_PTHREAD_SEMANTICS 1
| #define _TANDEM_SOURCE 1
| #define HAVE_DIRENT_H 1
| #define STDC_HEADERS 1
| #define HAVE_STDLIB_H 1
| #define HAVE_STRING_H 1
| #define HAVE_STRINGS_H 1
| #define HAVE_SYS_PARAM_H 1
| #define HAVE_SYS_TIME_H 1
| #define HAVE_UNISTD_H 1
| #define MAJOR_IN_SYSMACROS 1
| #define MAJOR_IN_SYSMACROS 1
| #define HAVE_EXECINFO_H 1
| #define HAVE_LIBM 1
| #define HAVE_CLOCK_GETTIME 1
| #define HAVE_FACCESSAT 1
| #define HAVE_FSTATAT 1
| #define HAVE_OPENAT 1
| #define HAVE_READLINKAT 1
| #define HAVE_LIBNCURSESW 1
| #define HAVE_NCURSESW_CURSES_H 1
| #define PROCDIR "/proc"
| #define HAVE_LINUX_AFFINITY 1
| /* end confdefs.h.  */
| #include <stdio.h>
| #ifdef HAVE_SYS_TYPES_H
| # include <sys/types.h>
| #endif
| #ifdef HAVE_SYS_STAT_H
| # include <sys/stat.h>
| #endif
| #ifdef STDC_HEADERS
| # include <stdlib.h>
| # include <stddef.h>
| #else
| # ifdef HAVE_STDLIB_H
| #  include <stdlib.h>
| # endif
| #endif
| #ifdef HAVE_STRING_H
| # if !defined STDC_HEADERS && defined HAVE_MEMORY_H
| #  include <memory.h>
| # endif
| # include <string.h>
| #endif
| #ifdef HAVE_STRINGS_H
| # include <strings.h>
| #endif
| #ifdef HAVE_INTTYPES_H
| # include <inttypes.h>
| #endif
| #ifdef HAVE_STDINT_H
| # include <stdint.h>
| #endif
| #ifdef HAVE_UNISTD_H
| # include <unistd.h>
| #endif
| #include <sys/capability.h>
configure:8026: result: no
configure:8026: checking sys/capability.h presence
configure:8026: gcc -E  conftest.c
conftest.c:48:10: fatal error: sys/capability.h: No such file or directory
   48 | #include <sys/capability.h>
      |          ^~~~~~~~~~~~~~~~~~
compilation terminated.
configure:8026: $? = 1
configure: failed program was:
| /* confdefs.h */
| #define PACKAGE_NAME "htop"
| #define PACKAGE_TARNAME "htop"
| #define PACKAGE_VERSION "3.0.6-dev"
| #define PACKAGE_STRING "htop 3.0.6-dev"
| #define PACKAGE_BUGREPORT "htop@groups.io"
| #define PACKAGE_URL "https://htop.dev/"
| #define PACKAGE "htop"
| #define VERSION "3.0.6-dev"
| #define HTOP_LINUX /**/
| #define STDC_HEADERS 1
| #define HAVE_SYS_TYPES_H 1
| #define HAVE_SYS_STAT_H 1
| #define HAVE_STDLIB_H 1
| #define HAVE_STRING_H 1
| #define HAVE_MEMORY_H 1
| #define HAVE_STRINGS_H 1
| #define HAVE_INTTYPES_H 1
| #define HAVE_STDINT_H 1
| #define HAVE_UNISTD_H 1
| #define __EXTENSIONS__ 1
| #define _ALL_SOURCE 1
| #define _GNU_SOURCE 1
| #define _POSIX_PTHREAD_SEMANTICS 1
| #define _TANDEM_SOURCE 1
| #define HAVE_DIRENT_H 1
| #define STDC_HEADERS 1
| #define HAVE_STDLIB_H 1
| #define HAVE_STRING_H 1
| #define HAVE_STRINGS_H 1
| #define HAVE_SYS_PARAM_H 1
| #define HAVE_SYS_TIME_H 1
| #define HAVE_UNISTD_H 1
| #define MAJOR_IN_SYSMACROS 1
| #define MAJOR_IN_SYSMACROS 1
| #define HAVE_EXECINFO_H 1
| #define HAVE_LIBM 1
| #define HAVE_CLOCK_GETTIME 1
| #define HAVE_FACCESSAT 1
| #define HAVE_FSTATAT 1
| #define HAVE_OPENAT 1
| #define HAVE_READLINKAT 1
| #define HAVE_LIBNCURSESW 1
| #define HAVE_NCURSESW_CURSES_H 1
| #define PROCDIR "/proc"
| #define HAVE_LINUX_AFFINITY 1
| /* end confdefs.h.  */
| #include <sys/capability.h>
configure:8026: result: no
configure:8026: checking for sys/capability.h
configure:8026: result: no
configure:8178: checking for pkg-config
configure:8196: found /usr/bin/pkg-config
configure:8208: result: /usr/bin/pkg-config
configure:8233: checking pkg-config is at least version 0.9.0
configure:8236: result: yes
configure:8246: checking for LIBNL3
configure:8253: $PKG_CONFIG --exists --print-errors "libnl-3.0"
Package libnl-3.0 was not found in the pkg-config search path.
Perhaps you should add the directory containing `libnl-3.0.pc'
to the PKG_CONFIG_PATH environment variable
Package 'libnl-3.0', required by 'virtual:world', not found
configure:8256: $? = 1
configure:8270: $PKG_CONFIG --exists --print-errors "libnl-3.0"
Package libnl-3.0 was not found in the pkg-config search path.
Perhaps you should add the directory containing `libnl-3.0.pc'
to the PKG_CONFIG_PATH environment variable
Package 'libnl-3.0', required by 'virtual:world', not found
configure:8273: $? = 1
configure:8287: result: no
Package 'libnl-3.0', required by 'virtual:world', not found
configure:8317: checking for LIBNL3GENL
configure:8324: $PKG_CONFIG --exists --print-errors "libnl-genl-3.0"
Package libnl-genl-3.0 was not found in the pkg-config search path.
Perhaps you should add the directory containing `libnl-genl-3.0.pc'
to the PKG_CONFIG_PATH environment variable
Package 'libnl-genl-3.0', required by 'virtual:world', not found
configure:8327: $? = 1
configure:8341: $PKG_CONFIG --exists --print-errors "libnl-genl-3.0"
Package libnl-genl-3.0 was not found in the pkg-config search path.
Perhaps you should add the directory containing `libnl-genl-3.0.pc'
to the PKG_CONFIG_PATH environment variable
Package 'libnl-genl-3.0', required by 'virtual:world', not found
configure:8344: $? = 1
configure:8358: result: no
Package 'libnl-genl-3.0', required by 'virtual:world', not found
configure:8736: checking sensors/sensors.h usability
configure:8736: gcc -c -D_DEFAULT_SOURCE -D_XOPEN_SOURCE=600 -g -O2  conftest.c >&5
conftest.c:81:10: fatal error: sensors/sensors.h: No such file or directory
   81 | #include <sensors/sensors.h>
      |          ^~~~~~~~~~~~~~~~~~~
compilation terminated.
configure:8736: $? = 1
configure: failed program was:
| /* confdefs.h */
| #define PACKAGE_NAME "htop"
| #define PACKAGE_TARNAME "htop"
| #define PACKAGE_VERSION "3.0.6-dev"
| #define PACKAGE_STRING "htop 3.0.6-dev"
| #define PACKAGE_BUGREPORT "htop@groups.io"
| #define PACKAGE_URL "https://htop.dev/"
| #define PACKAGE "htop"
| #define VERSION "3.0.6-dev"
| #define HTOP_LINUX /**/
| #define STDC_HEADERS 1
| #define HAVE_SYS_TYPES_H 1
| #define HAVE_SYS_STAT_H 1
| #define HAVE_STDLIB_H 1
| #define HAVE_STRING_H 1
| #define HAVE_MEMORY_H 1
| #define HAVE_STRINGS_H 1
| #define HAVE_INTTYPES_H 1
| #define HAVE_STDINT_H 1
| #define HAVE_UNISTD_H 1
| #define __EXTENSIONS__ 1
| #define _ALL_SOURCE 1
| #define _GNU_SOURCE 1
| #define _POSIX_PTHREAD_SEMANTICS 1
| #define _TANDEM_SOURCE 1
| #define HAVE_DIRENT_H 1
| #define STDC_HEADERS 1
| #define HAVE_STDLIB_H 1
| #define HAVE_STRING_H 1
| #define HAVE_STRINGS_H 1
| #define HAVE_SYS_PARAM_H 1
| #define HAVE_SYS_TIME_H 1
| #define HAVE_UNISTD_H 1
| #define MAJOR_IN_SYSMACROS 1
| #define MAJOR_IN_SYSMACROS 1
| #define HAVE_EXECINFO_H 1
| #define HAVE_LIBM 1
| #define HAVE_CLOCK_GETTIME 1
| #define HAVE_FACCESSAT 1
| #define HAVE_FSTATAT 1
| #define HAVE_OPENAT 1
| #define HAVE_READLINKAT 1
| #define HAVE_LIBNCURSESW 1
| #define HAVE_NCURSESW_CURSES_H 1
| #define PROCDIR "/proc"
| #define HAVE_LINUX_AFFINITY 1
| /* end confdefs.h.  */
| #include <stdio.h>
| #ifdef HAVE_SYS_TYPES_H
| # include <sys/types.h>
| #endif
| #ifdef HAVE_SYS_STAT_H
| # include <sys/stat.h>
| #endif
| #ifdef STDC_HEADERS
| # include <stdlib.h>
| # include <stddef.h>
| #else
| # ifdef HAVE_STDLIB_H
| #  include <stdlib.h>
| # endif
| #endif
| #ifdef HAVE_STRING_H
| # if !defined STDC_HEADERS && defined HAVE_MEMORY_H
| #  include <memory.h>
| # endif
| # include <string.h>
| #endif
| #ifdef HAVE_STRINGS_H
| # include <strings.h>
| #endif
| #ifdef HAVE_INTTYPES_H
| # include <inttypes.h>
| #endif
| #ifdef HAVE_STDINT_H
| # include <stdint.h>
| #endif
| #ifdef HAVE_UNISTD_H
| # include <unistd.h>
| #endif
| #include <sensors/sensors.h>
configure:8736: result: no
configure:8736: checking sensors/sensors.h presence
configure:8736: gcc -E  conftest.c
conftest.c:48:10: fatal error: sensors/sensors.h: No such file or directory
   48 | #include <sensors/sensors.h>
      |          ^~~~~~~~~~~~~~~~~~~
compilation terminated.
configure:8736: $? = 1
configure: failed program was:
| /* confdefs.h */
| #define PACKAGE_NAME "htop"
| #define PACKAGE_TARNAME "htop"
| #define PACKAGE_VERSION "3.0.6-dev"
| #define PACKAGE_STRING "htop 3.0.6-dev"
| #define PACKAGE_BUGREPORT "htop@groups.io"
| #define PACKAGE_URL "https://htop.dev/"
| #define PACKAGE "htop"
| #define VERSION "3.0.6-dev"
| #define HTOP_LINUX /**/
| #define STDC_HEADERS 1
| #define HAVE_SYS_TYPES_H 1
| #define HAVE_SYS_STAT_H 1
| #define HAVE_STDLIB_H 1
| #define HAVE_STRING_H 1
| #define HAVE_MEMORY_H 1
| #define HAVE_STRINGS_H 1
| #define HAVE_INTTYPES_H 1
| #define HAVE_STDINT_H 1
| #define HAVE_UNISTD_H 1
| #define __EXTENSIONS__ 1
| #define _ALL_SOURCE 1
| #define _GNU_SOURCE 1
| #define _POSIX_PTHREAD_SEMANTICS 1
| #define _TANDEM_SOURCE 1
| #define HAVE_DIRENT_H 1
| #define STDC_HEADERS 1
| #define HAVE_STDLIB_H 1
| #define HAVE_STRING_H 1
| #define HAVE_STRINGS_H 1
| #define HAVE_SYS_PARAM_H 1
| #define HAVE_SYS_TIME_H 1
| #define HAVE_UNISTD_H 1
| #define MAJOR_IN_SYSMACROS 1
| #define MAJOR_IN_SYSMACROS 1
| #define HAVE_EXECINFO_H 1
| #define HAVE_LIBM 1
| #define HAVE_CLOCK_GETTIME 1
| #define HAVE_FACCESSAT 1
| #define HAVE_FSTATAT 1
| #define HAVE_OPENAT 1
| #define HAVE_READLINKAT 1
| #define HAVE_LIBNCURSESW 1
| #define HAVE_NCURSESW_CURSES_H 1
| #define PROCDIR "/proc"
| #define HAVE_LINUX_AFFINITY 1
| /* end confdefs.h.  */
| #include <sensors/sensors.h>
configure:8736: result: no
configure:8736: checking for sensors/sensors.h
configure:8736: result: no
configure:8846: checking whether C compiler accepts -Wnull-dereference
configure:8865: gcc -c -D_DEFAULT_SOURCE -D_XOPEN_SOURCE=600 -g -O2 -Werror -Wnull-dereference  conftest.c >&5
configure:8865: $? = 0
configure:8873: result: yes
configure:9082: checking that generated files are newer than configure
configure:9088: result: done
configure:9143: creating ./config.status

## ---------------------- ##
## Running config.status. ##
## ---------------------- ##

This file was extended by htop config.status 3.0.6-dev, which was
generated by GNU Autoconf 2.69.  Invocation command line was

  CONFIG_FILES    = 
  CONFIG_HEADERS  = 
  CONFIG_LINKS    = 
  CONFIG_COMMANDS = 
  $ ./config.status 

on dhcppc10

config.status:915: creating Makefile
config.status:915: creating htop.1
config.status:915: creating config.h
config.status:1096: config.h is unchanged
config.status:1144: executing depfiles commands
config.status:1221: cd .       && sed -e '/# am--include-marker/d' Makefile         | make -f - am--depfiles
make: Nothing to be done for 'am--depfiles'.
config.status:1226: $? = 0
configure:10493: result:
  htop 3.0.6-dev

  platform:                  linux
  (Linux) proc directory:    /proc
  (Linux) openvz:            no
  (Linux) vserver:           no
  (Linux) ancient vserver:   no
  (Linux) affinity:          yes
  (Linux) delay accounting:  no
  (Linux) sensors:           no
  (Linux) capabilities:      no
  unicode:                   yes
  hwloc:                     no
  setuid:                    no
  debug:                     no
  static:                    no


## ---------------- ##
## Cache variables. ##
## ---------------- ##

ac_cv_build=x86_64-pc-linux-gnu
ac_cv_c_compiler_gnu=yes
ac_cv_c_uint16_t=yes
ac_cv_c_uint32_t=yes
ac_cv_c_uint64_t=yes
ac_cv_c_uint8_t=yes
ac_cv_env_CC_set=
ac_cv_env_CC_value=
ac_cv_env_CFLAGS_set=
ac_cv_env_CFLAGS_value=
ac_cv_env_CPPFLAGS_set=
ac_cv_env_CPPFLAGS_value=
ac_cv_env_CPP_set=
ac_cv_env_CPP_value=
ac_cv_env_LDFLAGS_set=
ac_cv_env_LDFLAGS_value=
ac_cv_env_LIBNL3GENL_CFLAGS_set=
ac_cv_env_LIBNL3GENL_CFLAGS_value=
ac_cv_env_LIBNL3GENL_LIBS_set=
ac_cv_env_LIBNL3GENL_LIBS_value=
ac_cv_env_LIBNL3_CFLAGS_set=
ac_cv_env_LIBNL3_CFLAGS_value=
ac_cv_env_LIBNL3_LIBS_set=
ac_cv_env_LIBNL3_LIBS_value=
ac_cv_env_LIBS_set=
ac_cv_env_LIBS_value=
ac_cv_env_PKG_CONFIG_LIBDIR_set=
ac_cv_env_PKG_CONFIG_LIBDIR_value=
ac_cv_env_PKG_CONFIG_PATH_set=
ac_cv_env_PKG_CONFIG_PATH_value=
ac_cv_env_PKG_CONFIG_set=
ac_cv_env_PKG_CONFIG_value=
ac_cv_env_build_alias_set=
ac_cv_env_build_alias_value=
ac_cv_env_host_alias_set=
ac_cv_env_host_alias_value=
ac_cv_env_target_alias_set=
ac_cv_env_target_alias_value=
ac_cv_func_clock_gettime=yes
ac_cv_func_faccessat=yes
ac_cv_func_fstatat=yes
ac_cv_func_host_get_clock_service=no
ac_cv_func_openat=yes
ac_cv_func_readlinkat=yes
ac_cv_header_dirent_dirent_h=yes
ac_cv_header_execinfo_h=yes
ac_cv_header_inttypes_h=yes
ac_cv_header_memory_h=yes
ac_cv_header_minix_config_h=no
ac_cv_header_ncursesw_curses_h=yes
ac_cv_header_sensors_sensors_h=no
ac_cv_header_stdc=yes
ac_cv_header_stdint_h=yes
ac_cv_header_stdlib_h=yes
ac_cv_header_string_h=yes
ac_cv_header_strings_h=yes
ac_cv_header_sys_capability_h=no
ac_cv_header_sys_mkdev_h=no
ac_cv_header_sys_param_h=yes
ac_cv_header_sys_stat_h=yes
ac_cv_header_sys_sysmacros_h=yes
ac_cv_header_sys_time_h=yes
ac_cv_header_sys_types_h=yes
ac_cv_header_sys_types_h_makedev=no
ac_cv_header_unistd_h=yes
ac_cv_host=x86_64-pc-linux-gnu
ac_cv_lib_cap_cap_init=no
ac_cv_lib_m_ceil=yes
ac_cv_lib_ncursesw6_waddwstr=no
ac_cv_lib_ncursesw_waddwstr=yes
ac_cv_objext=o
ac_cv_path_EGREP='/usr/bin/grep -E'
ac_cv_path_GREP=/usr/bin/grep
ac_cv_path_ac_pt_PKG_CONFIG=/usr/bin/pkg-config
ac_cv_path_install='/usr/bin/install -c'
ac_cv_path_mkdir=/usr/bin/mkdir
ac_cv_prog_AWK=gawk
ac_cv_prog_CPP='gcc -E'
ac_cv_prog_ac_ct_CC=gcc
ac_cv_prog_cc_c89=
ac_cv_prog_cc_c99=
ac_cv_prog_cc_g=yes
ac_cv_prog_make_make_set=yes
ac_cv_safe_to_define___extensions__=yes
ac_cv_search_backtrace='none required'
ac_cv_search_clock_gettime='none required'
ac_cv_search_dlopen=-ldl
ac_cv_search_keypad='none required'
ac_cv_search_opendir='none required'
ac_cv_target=x86_64-pc-linux-gnu
ac_cv_type_pid_t=yes
ac_cv_type_uid_t=yes
am_cv_CC_dependencies_compiler_type=gcc3
am_cv_make_support_nested_variables=yes
am_cv_prog_cc_c_o=yes
ax_cv_check_cflags__Werror__Wnull_dereference=yes

## ----------------- ##
## Output variables. ##
## ----------------- ##

ACLOCAL='${SHELL} /home/ibrahim/htop/build-aux/missing aclocal-1.16'
AMDEPBACKSLASH='\'
AMDEP_FALSE='#'
AMDEP_TRUE=''
AMTAR='$${TAR-tar}'
AM_BACKSLASH='\'
AM_CFLAGS=' -Wall -Wcast-align -Wcast-qual -Wextra -Wfloat-equal -Wformat=2 -Winit-self -Wmissing-format-attribute -Wmissing-noreturn -Wmissing-prototypes -Wpointer-arith -Wshadow -Wstrict-prototypes -Wundef -Wunused -Wwrite-strings -Wnull-dereference'
AM_CPPFLAGS=' -DNDEBUG'
AM_DEFAULT_V='$(AM_DEFAULT_VERBOSITY)'
AM_DEFAULT_VERBOSITY='1'
AM_V='$(V)'
AUTOCONF='${SHELL} /home/ibrahim/htop/build-aux/missing autoconf'
AUTOHEADER='${SHELL} /home/ibrahim/htop/build-aux/missing autoheader'
AUTOMAKE='${SHELL} /home/ibrahim/htop/build-aux/missing automake-1.16'
AWK='gawk'
CC='gcc'
CCDEPMODE='depmode=gcc3'
CFLAGS='-D_DEFAULT_SOURCE -D_XOPEN_SOURCE=600 -g -O2'
CPP='gcc -E'
CPPFLAGS=''
CYGPATH_W='echo'
DEFS='-DHAVE_CONFIG_H'
DEPDIR='.deps'
ECHO_C=''
ECHO_N='-n'
ECHO_T=''
EGREP='/usr/bin/grep -E'
EXEEXT=''
GREP='/usr/bin/grep'
HTOP_DARWIN_FALSE=''
HTOP_DARWIN_TRUE='#'
HTOP_DRAGONFLYBSD_FALSE=''
HTOP_DRAGONFLYBSD_TRUE='#'
HTOP_FREEBSD_FALSE=''
HTOP_FREEBSD_TRUE='#'
HTOP_LINUX_FALSE='#'
HTOP_LINUX_TRUE=''
HTOP_OPENBSD_FALSE=''
HTOP_OPENBSD_TRUE='#'
HTOP_SOLARIS_FALSE=''
HTOP_SOLARIS_TRUE='#'
HTOP_UNSUPPORTED_FALSE=''
HTOP_UNSUPPORTED_TRUE='#'
INSTALL_DATA='${INSTALL} -m 644'
INSTALL_PROGRAM='${INSTALL}'
INSTALL_SCRIPT='${INSTALL}'
INSTALL_STRIP_PROGRAM='$(install_sh) -c -s'
LDFLAGS=''
LIBNL3GENL_CFLAGS=''
LIBNL3GENL_LIBS=''
LIBNL3_CFLAGS=''
LIBNL3_LIBS=''
LIBOBJS=''
LIBS='-lncursesw -ltinfo -ldl -lm  '
LTLIBOBJS=''
MAKEINFO='${SHELL} /home/ibrahim/htop/build-aux/missing makeinfo'
MKDIR_P='/usr/bin/mkdir -p'
OBJEXT='o'
PACKAGE='htop'
PACKAGE_BUGREPORT='htop@groups.io'
PACKAGE_NAME='htop'
PACKAGE_STRING='htop 3.0.6-dev'
PACKAGE_TARNAME='htop'
PACKAGE_URL='https://htop.dev/'
PACKAGE_VERSION='3.0.6-dev'
PATH_SEPARATOR=':'
PKG_CONFIG='/usr/bin/pkg-config'
PKG_CONFIG_LIBDIR=''
PKG_CONFIG_PATH=''
SET_MAKE=''
SHELL='/bin/sh'
STRIP=''
VERSION='3.0.6-dev'
ac_ct_CC='gcc'
am__EXEEXT_FALSE=''
am__EXEEXT_TRUE='#'
am__fastdepCC_FALSE='#'
am__fastdepCC_TRUE=''
am__include='include'
am__isrc=''
am__leading_dot='.'
am__nodep='_no'
am__quote=''
am__tar='$${TAR-tar} chof - "$$tardir"'
am__untar='$${TAR-tar} xf -'
bindir='${exec_prefix}/bin'
build='x86_64-pc-linux-gnu'
build_alias=''
build_cpu='x86_64'
build_os='linux-gnu'
build_vendor='pc'
datadir='${datarootdir}'
datarootdir='${prefix}/share'
docdir='${datarootdir}/doc/${PACKAGE_TARNAME}'
dvidir='${docdir}'
exec_prefix='${prefix}'
host='x86_64-pc-linux-gnu'
host_alias=''
host_cpu='x86_64'
host_os='linux-gnu'
host_vendor='pc'
htmldir='${docdir}'
includedir='${prefix}/include'
infodir='${datarootdir}/info'
install_sh='${SHELL} /home/ibrahim/htop/build-aux/install-sh'
libdir='${exec_prefix}/lib'
libexecdir='${exec_prefix}/libexec'
localedir='${datarootdir}/locale'
localstatedir='${prefix}/var'
mandir='${datarootdir}/man'
mkdir_p='$(MKDIR_P)'
my_htop_platform='linux'
oldincludedir='/usr/include'
pdfdir='${docdir}'
prefix='/usr/local'
program_transform_name='s,x,x,'
psdir='${docdir}'
sbindir='${exec_prefix}/sbin'
sharedstatedir='${prefix}/com'
sysconfdir='${prefix}/etc'
target='x86_64-pc-linux-gnu'
target_alias=''
target_cpu='x86_64'
target_os='linux-gnu'
target_vendor='pc'

## ----------- ##
## confdefs.h. ##
## ----------- ##

/* confdefs.h */
#define PACKAGE_NAME "htop"
#define PACKAGE_TARNAME "htop"
#define PACKAGE_VERSION "3.0.6-dev"
#define PACKAGE_STRING "htop 3.0.6-dev"
#define PACKAGE_BUGREPORT "htop@groups.io"
#define PACKAGE_URL "https://htop.dev/"
#define PACKAGE "htop"
#define VERSION "3.0.6-dev"
#define HTOP_LINUX /**/
#define STDC_HEADERS 1
#define HAVE_SYS_TYPES_H 1
#define HAVE_SYS_STAT_H 1
#define HAVE_STDLIB_H 1
#define HAVE_STRING_H 1
#define HAVE_MEMORY_H 1
#define HAVE_STRINGS_H 1
#define HAVE_INTTYPES_H 1
#define HAVE_STDINT_H 1
#define HAVE_UNISTD_H 1
#define __EXTENSIONS__ 1
#define _ALL_SOURCE 1
#define _GNU_SOURCE 1
#define _POSIX_PTHREAD_SEMANTICS 1
#define _TANDEM_SOURCE 1
#define HAVE_DIRENT_H 1
#define STDC_HEADERS 1
#define HAVE_STDLIB_H 1
#define HAVE_STRING_H 1
#define HAVE_STRINGS_H 1
#define HAVE_SYS_PARAM_H 1
#define HAVE_SYS_TIME_H 1
#define HAVE_UNISTD_H 1
#define MAJOR_IN_SYSMACROS 1
#define MAJOR_IN_SYSMACROS 1
#define HAVE_EXECINFO_H 1
#define HAVE_LIBM 1
#define HAVE_CLOCK_GETTIME 1
#define HAVE_FACCESSAT 1
#define HAVE_FSTATAT 1
#define HAVE_OPENAT 1
#define HAVE_READLINKAT 1
#define HAVE_LIBNCURSESW 1
#define HAVE_NCURSESW_CURSES_H 1
#define PROCDIR "/proc"
#define HAVE_LINUX_AFFINITY 1
#define COPYRIGHT "(C) 2004-2019 Hisham Muhammad. (C) 2020-2021 htop dev team."

configure: exit 0
